<?xml version="1.0" encoding="UTF-8"?>
<!-- Generated by org.testng.reporters.JUnitReportReporter -->
<testsuite hostname="LAPTOP-E6RQCE27" failures="0" tests="1" name="com.pointOfSaleTest.SubmitProductsTest" time="13.361" errors="0" timestamp="2024-11-26T11:19:57 IST" skipped="0">
  <testcase classname="com.pointOfSaleTest.SubmitProductsTest" name="submitProductsTest" time="13.361"/>
  <system-out/>
</testsuite> <!-- com.pointOfSaleTest.SubmitProductsTest -->
