<?xml version="1.0" encoding="UTF-8"?>
<!-- Generated by org.testng.reporters.JUnitReportReporter -->
<testsuite hostname="LAPTOP-E6RQCE27" failures="0" tests="1" name="com.employeeTest.EditProfileTest" time="21.214" errors="0" timestamp="2024-11-22T18:06:19 IST" skipped="0">
  <testcase classname="com.employeeTest.EditProfileTest" name="editProfileContact" time="21.214"/>
  <system-out/>
</testsuite> <!-- com.employeeTest.EditProfileTest -->
