<?xml version="1.0" encoding="UTF-8"?>
<!-- Generated by org.testng.reporters.JUnitReportReporter -->
<testsuite hostname="LAPTOP-E6RQCE27" failures="0" tests="2" name="com.productTest.AddProductTest" time="28.803" errors="0" timestamp="2024-11-26T11:19:57 IST" skipped="0">
  <testcase classname="com.productTest.AddProductTest" name="addProductAndVerifyInEditTest" time="16.053"/>
  <system-out/>
  <testcase classname="com.productTest.AddProductTest" name="addProductTest" time="12.750"/>
  <system-out/>
</testsuite> <!-- com.productTest.AddProductTest -->
