<?xml version="1.0" encoding="UTF-8"?>
<!-- Generated by org.testng.reporters.JUnitReportReporter -->
<testsuite hostname="LAPTOP-E6RQCE27" failures="0" tests="1" name="com.employeeTest.EditEmployeeTest" time="13.067" errors="0" timestamp="2024-11-26T11:19:57 IST" skipped="0">
  <testcase classname="com.employeeTest.EditEmployeeTest" name="editEmployeeContact" time="13.067"/>
  <system-out/>
</testsuite> <!-- com.employeeTest.EditEmployeeTest -->
