<?xml version="1.0" encoding="UTF-8"?>
<!-- Generated by org.testng.reporters.JUnitReportReporter -->
<testsuite hostname="LAPTOP-E6RQCE27" failures="0" tests="1" name="com.accountsTest.AddUserAccountTest" time="11.522" errors="0" timestamp="2024-11-26T09:48:59 IST" skipped="0">
  <testcase classname="com.accountsTest.AddUserAccountTest" name="addUserAccount" time="11.522"/>
  <system-out/>
</testsuite> <!-- com.accountsTest.AddUserAccountTest -->
