<?xml version="1.0" encoding="UTF-8"?>
<!-- Generated by org.testng.reporters.JUnitReportReporter -->
<testsuite hostname="LAPTOP-E6RQCE27" failures="0" tests="1" name="LoginTest" time="7.697" errors="0" timestamp="2024-11-21T14:14:58 IST" skipped="0">
  <testcase classname="LoginTest" name="loginTest" time="7.697"/>
  <system-out/>
</testsuite> <!-- LoginTest -->
