<?xml version="1.0" encoding="UTF-8"?>
<!-- Generated by org.testng.reporters.JUnitReportReporter -->
<testsuite hostname="LAPTOP-E6RQCE27" failures="0" tests="1" name="com.inventoryTest.SearchProductTest" time="8.507" errors="0" timestamp="2024-11-26T11:19:57 IST" skipped="0">
  <testcase classname="com.inventoryTest.SearchProductTest" name="searchProductByCode" time="8.507"/>
  <system-out/>
</testsuite> <!-- com.inventoryTest.SearchProductTest -->
