<?xml version="1.0" encoding="UTF-8"?>
<!-- Generated by org.testng.reporters.JUnitReportReporter -->
<testsuite hostname="LAPTOP-E6RQCE27" failures="0" tests="2" name="com.pointOfSaleTest.SubmitProductsTest" time="70.940" errors="0" timestamp="2024-11-26T10:36:00 IST" skipped="0">
  <testcase classname="com.pointOfSaleTest.SubmitProductsTest" name="submitProductsTest" time="31.952"/>
  <system-out/>
  <testcase classname="com.pointOfSaleTest.SubmitProductsTest" name="submitProductsTest" time="38.988"/>
  <system-out/>
</testsuite> <!-- com.pointOfSaleTest.SubmitProductsTest -->
