<?xml version="1.0" encoding="UTF-8"?>
<!-- Generated by org.testng.reporters.JUnitReportReporter -->
<testsuite hostname="LAPTOP-E6RQCE27" failures="0" tests="1" name="com.inventoryTest.SearchProductTest" time="15.238" errors="0" timestamp="2024-11-26T09:48:59 IST" skipped="0">
  <testcase classname="com.inventoryTest.SearchProductTest" name="searchProductByCode" time="15.238"/>
  <system-out/>
</testsuite> <!-- com.inventoryTest.SearchProductTest -->
