<?xml version="1.0" encoding="UTF-8"?>
<!-- Generated by org.testng.reporters.JUnitXMLReporter -->
<testsuite ignored="0" hostname="LAPTOP-E6RQCE27" failures="0" tests="1" name="Test-edge" time="47.825" errors="0" timestamp="2024-11-26T10:36:00 IST">
  <testcase classname="com.pointOfSaleTest.SubmitProductsTest" name="submitProductsTest" time="23.765"/>
</testsuite> <!-- Test-edge -->
